<?xml version="1.0" encoding="UTF-8"?>
<beans xmlns = "http://www.springframework.org/schema/beans"
   xmlns:xsi = "http://www.w3.org/2001/XMLSchema-instance"
   xmlns:context = "http://www.springframework.org/schema/context"
   xsi:schemaLocation = "http://www.springframework.org/schema/beans
   http://www.springframework.org/schema/beans/spring-beans-3.0.xsd
   http://www.springframework.org/schema/context
   http://www.springframework.org/schema/context/spring-context-3.0.xsd">
   
    <bean id="webServiceContext" scope="singleton" class="org.mockito.Mockito" factory-method="mock">
		<constructor-arg value="javax.xml.ws.WebServiceContext" />
	</bean>
   	<bean id="messageContext" scope="singleton" class="org.mockito.Mockito" factory-method="mock">
		<constructor-arg value="javax.xml.ws.handler.MessageContext" />
	</bean>
	
	<bean id="jmsConnectionFactory" scope="singleton"  class="org.mockito.Mockito" factory-method="mock">
		<constructor-arg value="javax.jms.ConnectionFactory" />
	</bean>
	
	<bean id="queue" scope="singleton"  class="org.mockito.Mockito" factory-method="mock">
		<constructor-arg value="javax.jms.Queue" />
	</bean>
	
	<bean id="queues" scope="singleton"  class="org.mockito.Mockito" factory-method="mock">
		<constructor-arg value="au.com.unico.jms.Queues" />
	</bean>
	
	<bean id="producer" class="org.mockito.Mockito" factory-method="mock">
		<constructor-arg value="au.com.unico.jms.MessageProducer" />
	</bean>
	
	<bean id="consumer" class="org.mockito.Mockito" factory-method="mock">
		<constructor-arg value="au.com.unico.jms.MessageConsumer" />
	</bean>
	

	<bean id="gcdDao" class="org.mockito.Mockito" factory-method="mock">
		<constructor-arg value="au.com.unico.dao.GCDDao" />
	</bean>
	
	<bean id="userDao" class="org.mockito.Mockito" factory-method="mock">
		<constructor-arg value="au.com.unico.dao.UserDao" />
	</bean>

	<bean id="paramsDao" class="org.mockito.Mockito" factory-method="mock">
		<constructor-arg value="au.com.unico.dao.ParameterDao" />
	</bean>

	<!-- beans to be used for SOAP/REST -->
	<bean id="jsonMapper" class="au.com.unico.json.JacksonJSONMapper" />
	<bean id="pushservice" class="au.com.unico.rest.GCDRestServiceImpl" />
	<bean id="gcdSoapService" class="au.com.unico.soap.GCDSoapServiceImpl" />

</beans>